E:\PROJECT\SUMATRAPDF\VS\RELEASE\JSPDF.EXE
E:\PROJECT\SUMATRAPDF\VS\RELEASE\JSPDF.PDB
E:\PROJECT\SUMATRAPDF\VS-1\JSPDF\RELEASE\APPPREFS.OBJ
E:\PROJECT\SUMATRAPDF\VS-1\JSPDF\RELEASE\APPTOOLS.OBJ
E:\PROJECT\SUMATRAPDF\VS-1\JSPDF\RELEASE\BRA86.OBJ
E:\PROJECT\SUMATRAPDF\VS-1\JSPDF\RELEASE\CHMDOC.OBJ
E:\project\sumatrapdf\vs-1\Jspdf\Release\cl.command.1.tlog
E:\project\sumatrapdf\vs-1\Jspdf\Release\CL.read.1.tlog
E:\project\sumatrapdf\vs-1\Jspdf\Release\CL.write.1.tlog
E:\PROJECT\SUMATRAPDF\VS-1\JSPDF\RELEASE\CRASHHANDLER.OBJ
E:\PROJECT\SUMATRAPDF\VS-1\JSPDF\RELEASE\DISPLAYMODEL.OBJ
E:\PROJECT\SUMATRAPDF\VS-1\JSPDF\RELEASE\DOCUMENTPROVIDER.OBJ
E:\PROJECT\SUMATRAPDF\VS-1\JSPDF\RELEASE\EBOOKCONTROLLER.OBJ
E:\PROJECT\SUMATRAPDF\VS-1\JSPDF\RELEASE\EBOOKCONTROLS.OBJ
E:\PROJECT\SUMATRAPDF\VS-1\JSPDF\RELEASE\EBOOKWINDOW.OBJ
E:\PROJECT\SUMATRAPDF\VS-1\JSPDF\RELEASE\EXTERNALPDFVIEWER.OBJ
E:\PROJECT\SUMATRAPDF\VS-1\JSPDF\RELEASE\FAVORITES.OBJ
E:\PROJECT\SUMATRAPDF\VS-1\JSPDF\RELEASE\JSPDF.EXE.INTERMEDIATE.MANIFEST
E:\project\sumatrapdf\vs-1\Jspdf\Release\link.command.1.tlog
E:\project\sumatrapdf\vs-1\Jspdf\Release\link.read.1.tlog
E:\project\sumatrapdf\vs-1\Jspdf\Release\link.write.1.tlog
E:\project\sumatrapdf\vs-1\Jspdf\Release\link-cvtres.read.1.tlog
E:\project\sumatrapdf\vs-1\Jspdf\Release\link-cvtres.write.1.tlog
E:\PROJECT\SUMATRAPDF\VS-1\JSPDF\RELEASE\LZMADEC.OBJ
E:\PROJECT\SUMATRAPDF\VS-1\JSPDF\RELEASE\LZMASIMPLEARCHIVE.OBJ
E:\PROJECT\SUMATRAPDF\VS-1\JSPDF\RELEASE\MENU.OBJ
E:\project\sumatrapdf\vs-1\Jspdf\Release\mt.command.1.tlog
E:\project\sumatrapdf\vs-1\Jspdf\Release\mt.read.1.tlog
E:\project\sumatrapdf\vs-1\Jspdf\Release\mt.write.1.tlog
E:\PROJECT\SUMATRAPDF\VS-1\JSPDF\RELEASE\MUIEBOOKPAGEDEF.OBJ
E:\PROJECT\SUMATRAPDF\VS-1\JSPDF\RELEASE\NOTIFICATIONS.OBJ
E:\PROJECT\SUMATRAPDF\VS-1\JSPDF\RELEASE\PAGEPROVIDER.OBJ
E:\PROJECT\SUMATRAPDF\VS-1\JSPDF\RELEASE\PARSECOMMANDLINE.OBJ
E:\PROJECT\SUMATRAPDF\VS-1\JSPDF\RELEASE\PDFSYNC.OBJ
E:\PROJECT\SUMATRAPDF\VS-1\JSPDF\RELEASE\PRINT.OBJ
E:\PROJECT\SUMATRAPDF\VS-1\JSPDF\RELEASE\PROVIDER.OBJ
E:\project\sumatrapdf\vs-1\Jspdf\Release\rc.command.1.tlog
E:\project\sumatrapdf\vs-1\Jspdf\Release\rc.read.1.tlog
E:\project\sumatrapdf\vs-1\Jspdf\Release\rc.write.1.tlog
E:\PROJECT\SUMATRAPDF\VS-1\JSPDF\RELEASE\REGRESS.OBJ
E:\PROJECT\SUMATRAPDF\VS-1\JSPDF\RELEASE\RENDERCACHE.OBJ
E:\PROJECT\SUMATRAPDF\VS-1\JSPDF\RELEASE\SEARCH.OBJ
E:\PROJECT\SUMATRAPDF\VS-1\JSPDF\RELEASE\SELECTION.OBJ
E:\PROJECT\SUMATRAPDF\VS-1\JSPDF\RELEASE\STARTPAGEPROVIDER.OBJ
E:\PROJECT\SUMATRAPDF\VS-1\JSPDF\RELEASE\STRESSTESTING.OBJ
E:\PROJECT\SUMATRAPDF\VS-1\JSPDF\RELEASE\SUMATRAABOUT.OBJ
E:\PROJECT\SUMATRAPDF\VS-1\JSPDF\RELEASE\SUMATRAABOUT2.OBJ
E:\PROJECT\SUMATRAPDF\VS-1\JSPDF\RELEASE\SUMATRADIALOGS.OBJ
E:\PROJECT\SUMATRAPDF\VS-1\JSPDF\RELEASE\SUMATRAPDF.OBJ
E:\PROJECT\SUMATRAPDF\VS-1\JSPDF\RELEASE\SUMATRAPDF.RES
E:\PROJECT\SUMATRAPDF\VS-1\JSPDF\RELEASE\SUMATRAPROPERTIES.OBJ
E:\PROJECT\SUMATRAPDF\VS-1\JSPDF\RELEASE\SYNCTEX_PARSER.OBJ
E:\PROJECT\SUMATRAPDF\VS-1\JSPDF\RELEASE\SYNCTEX_PARSER_UTILS.OBJ
E:\PROJECT\SUMATRAPDF\VS-1\JSPDF\RELEASE\TABLEOFCONTENTS.OBJ
E:\PROJECT\SUMATRAPDF\VS-1\JSPDF\RELEASE\TESTER.OBJ
E:\PROJECT\SUMATRAPDF\VS-1\JSPDF\RELEASE\TEXTRANGE.OBJ
E:\PROJECT\SUMATRAPDF\VS-1\JSPDF\RELEASE\TEXTSEARCH.OBJ
E:\PROJECT\SUMATRAPDF\VS-1\JSPDF\RELEASE\TEXTSELECTION.OBJ
E:\PROJECT\SUMATRAPDF\VS-1\JSPDF\RELEASE\TOOLBAR.OBJ
E:\PROJECT\SUMATRAPDF\VS-1\JSPDF\RELEASE\TRANS_SUMATRA_TXT.OBJ
E:\PROJECT\SUMATRAPDF\VS-1\JSPDF\RELEASE\TRANSLATIONS.OBJ
E:\PROJECT\SUMATRAPDF\VS-1\JSPDF\RELEASE\UNITTESTS.OBJ
E:\PROJECT\SUMATRAPDF\VS-1\JSPDF\RELEASE\VC100.PDB
E:\PROJECT\SUMATRAPDF\VS-1\JSPDF\RELEASE\WINDOWINFO.OBJ
