E:\project\sumatrapdf\vs\Release\ActiveX_Sumatrapdf.exp
E:\project\sumatrapdf\vs\Release\ActiveX_Sumatrapdf.lib
E:\PROJECT\SUMATRAPDF\VS\RELEASE\ACTIVEX_SUMATRAPDF.OCX
E:\PROJECT\SUMATRAPDF\VS\RELEASE\ACTIVEX_SUMATRAPDF.PDB
E:\PROJECT\SUMATRAPDF\VS-1\ACTIVEX_SUMATRAPDF\ACTIVEX_SUMATRAPDF_I.C
E:\PROJECT\SUMATRAPDF\VS-1\ACTIVEX_SUMATRAPDF\ACTIVEX_SUMATRAPDFIDL.H
E:\PROJECT\SUMATRAPDF\VS-1\ACTIVEX_SUMATRAPDF\RELEASE\ACTIVEX_SUMATRAPDF.OBJ
E:\PROJECT\SUMATRAPDF\VS-1\ACTIVEX_SUMATRAPDF\RELEASE\ACTIVEX_SUMATRAPDF.OCX.INTERMEDIATE.MANIFEST
E:\PROJECT\SUMATRAPDF\VS-1\ACTIVEX_SUMATRAPDF\RELEASE\ACTIVEX_SUMATRAPDF.PCH
E:\PROJECT\SUMATRAPDF\VS-1\ACTIVEX_SUMATRAPDF\RELEASE\ACTIVEX_SUMATRAPDF.RES
E:\PROJECT\SUMATRAPDF\VS-1\ACTIVEX_SUMATRAPDF\RELEASE\ACTIVEX_SUMATRAPDF.TLB
E:\project\sumatrapdf\vs-1\ActiveX_Sumatrapdf\Release\ActiveX_Sumatrapdf.write.1.tlog
E:\PROJECT\SUMATRAPDF\VS-1\ACTIVEX_SUMATRAPDF\RELEASE\ACTIVEX_SUMATRAPDFCTRL.OBJ
E:\PROJECT\SUMATRAPDF\VS-1\ACTIVEX_SUMATRAPDF\RELEASE\ACTIVEX_SUMATRAPDFPROPPAGE.OBJ
E:\PROJECT\SUMATRAPDF\VS-1\ACTIVEX_SUMATRAPDF\RELEASE\APPPREFS.OBJ
E:\PROJECT\SUMATRAPDF\VS-1\ACTIVEX_SUMATRAPDF\RELEASE\APPTOOLS.OBJ
E:\PROJECT\SUMATRAPDF\VS-1\ACTIVEX_SUMATRAPDF\RELEASE\BRA86.OBJ
E:\PROJECT\SUMATRAPDF\VS-1\ACTIVEX_SUMATRAPDF\RELEASE\CHMDOC.OBJ
E:\project\sumatrapdf\vs-1\ActiveX_Sumatrapdf\Release\cl.command.1.tlog
E:\project\sumatrapdf\vs-1\ActiveX_Sumatrapdf\Release\CL.read.1.tlog
E:\project\sumatrapdf\vs-1\ActiveX_Sumatrapdf\Release\CL.write.1.tlog
E:\PROJECT\SUMATRAPDF\VS-1\ACTIVEX_SUMATRAPDF\RELEASE\CRASHHANDLER.OBJ
E:\PROJECT\SUMATRAPDF\VS-1\ACTIVEX_SUMATRAPDF\RELEASE\DISPLAYMODEL.OBJ
E:\PROJECT\SUMATRAPDF\VS-1\ACTIVEX_SUMATRAPDF\RELEASE\DISPLAYMODEL2.OBJ
E:\PROJECT\SUMATRAPDF\VS-1\ACTIVEX_SUMATRAPDF\RELEASE\DOCUMENTPROVIDER.OBJ
E:\PROJECT\SUMATRAPDF\VS-1\ACTIVEX_SUMATRAPDF\RELEASE\EBOOKCONTROLLER.OBJ
E:\PROJECT\SUMATRAPDF\VS-1\ACTIVEX_SUMATRAPDF\RELEASE\EBOOKCONTROLS.OBJ
E:\PROJECT\SUMATRAPDF\VS-1\ACTIVEX_SUMATRAPDF\RELEASE\EBOOKWINDOW.OBJ
E:\PROJECT\SUMATRAPDF\VS-1\ACTIVEX_SUMATRAPDF\RELEASE\EXTERNALPDFVIEWER.OBJ
E:\PROJECT\SUMATRAPDF\VS-1\ACTIVEX_SUMATRAPDF\RELEASE\FAVORITES.OBJ
E:\project\sumatrapdf\vs-1\ActiveX_Sumatrapdf\Release\link.command.1.tlog
E:\project\sumatrapdf\vs-1\ActiveX_Sumatrapdf\Release\link.read.1.tlog
E:\project\sumatrapdf\vs-1\ActiveX_Sumatrapdf\Release\link.write.1.tlog
E:\project\sumatrapdf\vs-1\ActiveX_Sumatrapdf\Release\link-cvtres.read.1.tlog
E:\project\sumatrapdf\vs-1\ActiveX_Sumatrapdf\Release\link-cvtres.write.1.tlog
E:\PROJECT\SUMATRAPDF\VS-1\ACTIVEX_SUMATRAPDF\RELEASE\LZMADEC.OBJ
E:\PROJECT\SUMATRAPDF\VS-1\ACTIVEX_SUMATRAPDF\RELEASE\LZMASIMPLEARCHIVE.OBJ
E:\PROJECT\SUMATRAPDF\VS-1\ACTIVEX_SUMATRAPDF\RELEASE\MENU.OBJ
E:\project\sumatrapdf\vs-1\ActiveX_Sumatrapdf\Release\midl.command.1.tlog
E:\project\sumatrapdf\vs-1\ActiveX_Sumatrapdf\Release\midl.read.1.tlog
E:\project\sumatrapdf\vs-1\ActiveX_Sumatrapdf\Release\midl.write.1.tlog
E:\project\sumatrapdf\vs-1\ActiveX_Sumatrapdf\Release\midl-midlc.read.1.tlog
E:\project\sumatrapdf\vs-1\ActiveX_Sumatrapdf\Release\midl-midlc.write.1.tlog
E:\project\sumatrapdf\vs-1\ActiveX_Sumatrapdf\Release\midl-midlc-cl.read.1.tlog
E:\project\sumatrapdf\vs-1\ActiveX_Sumatrapdf\Release\mt.command.1.tlog
E:\project\sumatrapdf\vs-1\ActiveX_Sumatrapdf\Release\mt.read.1.tlog
E:\project\sumatrapdf\vs-1\ActiveX_Sumatrapdf\Release\mt.write.1.tlog
E:\PROJECT\SUMATRAPDF\VS-1\ACTIVEX_SUMATRAPDF\RELEASE\MUIEBOOKPAGEDEF.OBJ
E:\PROJECT\SUMATRAPDF\VS-1\ACTIVEX_SUMATRAPDF\RELEASE\NOTIFICATIONS.OBJ
E:\PROJECT\SUMATRAPDF\VS-1\ACTIVEX_SUMATRAPDF\RELEASE\PAGEPROVIDER.OBJ
E:\PROJECT\SUMATRAPDF\VS-1\ACTIVEX_SUMATRAPDF\RELEASE\PARSECOMMANDLINE.OBJ
E:\PROJECT\SUMATRAPDF\VS-1\ACTIVEX_SUMATRAPDF\RELEASE\PDFSYNC.OBJ
E:\PROJECT\SUMATRAPDF\VS-1\ACTIVEX_SUMATRAPDF\RELEASE\PRINT.OBJ
E:\PROJECT\SUMATRAPDF\VS-1\ACTIVEX_SUMATRAPDF\RELEASE\PROVIDER.OBJ
E:\project\sumatrapdf\vs-1\ActiveX_Sumatrapdf\Release\rc.command.1.tlog
E:\project\sumatrapdf\vs-1\ActiveX_Sumatrapdf\Release\rc.read.1.tlog
E:\project\sumatrapdf\vs-1\ActiveX_Sumatrapdf\Release\rc.write.1.tlog
E:\PROJECT\SUMATRAPDF\VS-1\ACTIVEX_SUMATRAPDF\RELEASE\REGRESS.OBJ
E:\PROJECT\SUMATRAPDF\VS-1\ACTIVEX_SUMATRAPDF\RELEASE\RENDERCACHE.OBJ
E:\PROJECT\SUMATRAPDF\VS-1\ACTIVEX_SUMATRAPDF\RELEASE\SEARCH2.OBJ
E:\PROJECT\SUMATRAPDF\VS-1\ACTIVEX_SUMATRAPDF\RELEASE\SELECTION.OBJ
E:\PROJECT\SUMATRAPDF\VS-1\ACTIVEX_SUMATRAPDF\RELEASE\SELECTION2.OBJ
E:\PROJECT\SUMATRAPDF\VS-1\ACTIVEX_SUMATRAPDF\RELEASE\STARTPAGEPROVIDER.OBJ
E:\PROJECT\SUMATRAPDF\VS-1\ACTIVEX_SUMATRAPDF\RELEASE\STDAFX.OBJ
E:\PROJECT\SUMATRAPDF\VS-1\ACTIVEX_SUMATRAPDF\RELEASE\STRESSTESTING.OBJ
E:\PROJECT\SUMATRAPDF\VS-1\ACTIVEX_SUMATRAPDF\RELEASE\SUMATRAABOUT.OBJ
E:\PROJECT\SUMATRAPDF\VS-1\ACTIVEX_SUMATRAPDF\RELEASE\SUMATRAABOUT2.OBJ
E:\PROJECT\SUMATRAPDF\VS-1\ACTIVEX_SUMATRAPDF\RELEASE\SUMATRADIALOGS.OBJ
E:\PROJECT\SUMATRAPDF\VS-1\ACTIVEX_SUMATRAPDF\RELEASE\SUMATRAPDF.RES
E:\PROJECT\SUMATRAPDF\VS-1\ACTIVEX_SUMATRAPDF\RELEASE\SUMATRAPDF2.OBJ
E:\PROJECT\SUMATRAPDF\VS-1\ACTIVEX_SUMATRAPDF\RELEASE\SUMATRAPROPERTIES.OBJ
E:\PROJECT\SUMATRAPDF\VS-1\ACTIVEX_SUMATRAPDF\RELEASE\SYNCTEX_PARSER.OBJ
E:\PROJECT\SUMATRAPDF\VS-1\ACTIVEX_SUMATRAPDF\RELEASE\SYNCTEX_PARSER_UTILS.OBJ
E:\PROJECT\SUMATRAPDF\VS-1\ACTIVEX_SUMATRAPDF\RELEASE\TABLEOFCONTENTS.OBJ
E:\PROJECT\SUMATRAPDF\VS-1\ACTIVEX_SUMATRAPDF\RELEASE\TESTER.OBJ
E:\PROJECT\SUMATRAPDF\VS-1\ACTIVEX_SUMATRAPDF\RELEASE\TEXTRANGE.OBJ
E:\PROJECT\SUMATRAPDF\VS-1\ACTIVEX_SUMATRAPDF\RELEASE\TEXTSEARCH.OBJ
E:\PROJECT\SUMATRAPDF\VS-1\ACTIVEX_SUMATRAPDF\RELEASE\TEXTSEARCH2.OBJ
E:\PROJECT\SUMATRAPDF\VS-1\ACTIVEX_SUMATRAPDF\RELEASE\TEXTSELECTION.OBJ
E:\PROJECT\SUMATRAPDF\VS-1\ACTIVEX_SUMATRAPDF\RELEASE\TEXTSELECTION2.OBJ
E:\PROJECT\SUMATRAPDF\VS-1\ACTIVEX_SUMATRAPDF\RELEASE\TOOLBAR.OBJ
E:\PROJECT\SUMATRAPDF\VS-1\ACTIVEX_SUMATRAPDF\RELEASE\TRANS_SUMATRA_TXT.OBJ
E:\PROJECT\SUMATRAPDF\VS-1\ACTIVEX_SUMATRAPDF\RELEASE\TRANSLATIONS.OBJ
E:\PROJECT\SUMATRAPDF\VS-1\ACTIVEX_SUMATRAPDF\RELEASE\UNITTESTS.OBJ
E:\PROJECT\SUMATRAPDF\VS-1\ACTIVEX_SUMATRAPDF\RELEASE\VC100.PDB
E:\PROJECT\SUMATRAPDF\VS-1\ACTIVEX_SUMATRAPDF\RELEASE\WINDOWINFO.OBJ
