E:\PROJECT\SUMATRAPDF\VS\DEBUG\JSPDF.EXE
E:\PROJECT\SUMATRAPDF\VS\DEBUG\JSPDF.ILK
E:\PROJECT\SUMATRAPDF\VS\DEBUG\JSPDF.PDB
E:\PROJECT\SUMATRAPDF\VS-1\JSPDF\DEBUG\APPPREFS.OBJ
E:\PROJECT\SUMATRAPDF\VS-1\JSPDF\DEBUG\APPTOOLS.OBJ
E:\PROJECT\SUMATRAPDF\VS-1\JSPDF\DEBUG\BRA86.OBJ
E:\PROJECT\SUMATRAPDF\VS-1\JSPDF\DEBUG\CHMDOC.OBJ
E:\project\sumatrapdf\vs-1\Jspdf\Debug\cl.command.1.tlog
E:\project\sumatrapdf\vs-1\Jspdf\Debug\CL.read.1.tlog
E:\project\sumatrapdf\vs-1\Jspdf\Debug\CL.write.1.tlog
E:\PROJECT\SUMATRAPDF\VS-1\JSPDF\DEBUG\CRASHHANDLER.OBJ
E:\PROJECT\SUMATRAPDF\VS-1\JSPDF\DEBUG\DISPLAYMODEL.OBJ
E:\PROJECT\SUMATRAPDF\VS-1\JSPDF\DEBUG\DOCUMENTPROVIDER.OBJ
E:\PROJECT\SUMATRAPDF\VS-1\JSPDF\DEBUG\EBOOKCONTROLLER.OBJ
E:\PROJECT\SUMATRAPDF\VS-1\JSPDF\DEBUG\EBOOKCONTROLS.OBJ
E:\PROJECT\SUMATRAPDF\VS-1\JSPDF\DEBUG\EBOOKWINDOW.OBJ
E:\PROJECT\SUMATRAPDF\VS-1\JSPDF\DEBUG\EXTERNALPDFVIEWER.OBJ
E:\PROJECT\SUMATRAPDF\VS-1\JSPDF\DEBUG\FAVORITES.OBJ
E:\PROJECT\SUMATRAPDF\VS-1\JSPDF\DEBUG\JSPDF.EXE.EMBED.MANIFEST
E:\PROJECT\SUMATRAPDF\VS-1\JSPDF\DEBUG\JSPDF.EXE.EMBED.MANIFEST.RES
E:\PROJECT\SUMATRAPDF\VS-1\JSPDF\DEBUG\JSPDF.EXE.INTERMEDIATE.MANIFEST
E:\project\sumatrapdf\vs-1\Jspdf\Debug\Jspdf_manifest.rc
E:\project\sumatrapdf\vs-1\Jspdf\Debug\link.command.1.tlog
E:\project\sumatrapdf\vs-1\Jspdf\Debug\link.read.1.tlog
E:\project\sumatrapdf\vs-1\Jspdf\Debug\link.write.1.tlog
E:\project\sumatrapdf\vs-1\Jspdf\Debug\link-cvtres.read.1.tlog
E:\project\sumatrapdf\vs-1\Jspdf\Debug\link-cvtres.write.1.tlog
E:\PROJECT\SUMATRAPDF\VS-1\JSPDF\DEBUG\LZMA2DEC.OBJ
E:\PROJECT\SUMATRAPDF\VS-1\JSPDF\DEBUG\LZMADEC.OBJ
E:\PROJECT\SUMATRAPDF\VS-1\JSPDF\DEBUG\LZMASIMPLEARCHIVE.OBJ
E:\PROJECT\SUMATRAPDF\VS-1\JSPDF\DEBUG\MENU.OBJ
E:\project\sumatrapdf\vs-1\Jspdf\Debug\mt.command.1.tlog
E:\project\sumatrapdf\vs-1\Jspdf\Debug\mt.read.1.tlog
E:\project\sumatrapdf\vs-1\Jspdf\Debug\mt.write.1.tlog
E:\PROJECT\SUMATRAPDF\VS-1\JSPDF\DEBUG\MUIEBOOKPAGEDEF.OBJ
E:\PROJECT\SUMATRAPDF\VS-1\JSPDF\DEBUG\NOTIFICATIONS.OBJ
E:\PROJECT\SUMATRAPDF\VS-1\JSPDF\DEBUG\PAGEPROVIDER.OBJ
E:\PROJECT\SUMATRAPDF\VS-1\JSPDF\DEBUG\PARSECOMMANDLINE.OBJ
E:\PROJECT\SUMATRAPDF\VS-1\JSPDF\DEBUG\PDFSYNC.OBJ
E:\PROJECT\SUMATRAPDF\VS-1\JSPDF\DEBUG\PRINT.OBJ
E:\PROJECT\SUMATRAPDF\VS-1\JSPDF\DEBUG\PROVIDER.OBJ
E:\project\sumatrapdf\vs-1\Jspdf\Debug\rc.command.1.tlog
E:\project\sumatrapdf\vs-1\Jspdf\Debug\rc.read.1.tlog
E:\project\sumatrapdf\vs-1\Jspdf\Debug\rc.write.1.tlog
E:\PROJECT\SUMATRAPDF\VS-1\JSPDF\DEBUG\REGRESS.OBJ
E:\PROJECT\SUMATRAPDF\VS-1\JSPDF\DEBUG\RENDERCACHE.OBJ
E:\PROJECT\SUMATRAPDF\VS-1\JSPDF\DEBUG\SEARCH.OBJ
E:\PROJECT\SUMATRAPDF\VS-1\JSPDF\DEBUG\SELECTION.OBJ
E:\PROJECT\SUMATRAPDF\VS-1\JSPDF\DEBUG\STARTPAGEPROVIDER.OBJ
E:\PROJECT\SUMATRAPDF\VS-1\JSPDF\DEBUG\STRESSTESTING.OBJ
E:\PROJECT\SUMATRAPDF\VS-1\JSPDF\DEBUG\SUMATRAABOUT.OBJ
E:\PROJECT\SUMATRAPDF\VS-1\JSPDF\DEBUG\SUMATRAABOUT2.OBJ
E:\PROJECT\SUMATRAPDF\VS-1\JSPDF\DEBUG\SUMATRADIALOGS.OBJ
E:\PROJECT\SUMATRAPDF\VS-1\JSPDF\DEBUG\SUMATRAPDF.OBJ
E:\PROJECT\SUMATRAPDF\VS-1\JSPDF\DEBUG\SUMATRAPDF.RES
E:\PROJECT\SUMATRAPDF\VS-1\JSPDF\DEBUG\SUMATRAPROPERTIES.OBJ
E:\PROJECT\SUMATRAPDF\VS-1\JSPDF\DEBUG\SYNCTEX_PARSER.OBJ
E:\PROJECT\SUMATRAPDF\VS-1\JSPDF\DEBUG\SYNCTEX_PARSER_UTILS.OBJ
E:\PROJECT\SUMATRAPDF\VS-1\JSPDF\DEBUG\TABLEOFCONTENTS.OBJ
E:\PROJECT\SUMATRAPDF\VS-1\JSPDF\DEBUG\TESTER.OBJ
E:\PROJECT\SUMATRAPDF\VS-1\JSPDF\DEBUG\TEXTRANGE.OBJ
E:\PROJECT\SUMATRAPDF\VS-1\JSPDF\DEBUG\TEXTSEARCH.OBJ
E:\PROJECT\SUMATRAPDF\VS-1\JSPDF\DEBUG\TEXTSELECTION.OBJ
E:\PROJECT\SUMATRAPDF\VS-1\JSPDF\DEBUG\TOOLBAR.OBJ
E:\PROJECT\SUMATRAPDF\VS-1\JSPDF\DEBUG\TRANS_SUMATRA_TXT.OBJ
E:\PROJECT\SUMATRAPDF\VS-1\JSPDF\DEBUG\TRANSLATIONS.OBJ
E:\PROJECT\SUMATRAPDF\VS-1\JSPDF\DEBUG\UNITTESTS.OBJ
E:\project\sumatrapdf\vs-1\Jspdf\Debug\vc100.idb
E:\PROJECT\SUMATRAPDF\VS-1\JSPDF\DEBUG\VC100.PDB
E:\PROJECT\SUMATRAPDF\VS-1\JSPDF\DEBUG\WINDOWINFO.OBJ
