生成启动时间为 2013/6/14 10:21:45。
     1>项目“E:\project\sumatrapdf\vs-1\Jspdf\Jspdf.vcxproj”在节点 2 上(build 个目标)。
     1>InitializeBuildStatus:
         正在创建“Debug\Jspdf.unsuccessfulbuild”，因为已指定“AlwaysCreate”。
       ClCompile:
         所有输出均为最新。
         C:\Program Files (x86)\Microsoft Visual Studio 10.0\VC\bin\CL.exe /c /I..\..\src /I..\..\src\utils /I../../src/utils/msvc /I..\..\src\mui /I..\..\ext\synctex /I../../ext/zlib /I../../ext/zlib/minizip /I../../ext/CHMLib/src/ /I../../ext/lzma/C /ZI /nologo /W4 /WX- /Od /Oy- /D WIN32 /D _DEBUG /D _WINDOWS /D _UNICODE /D UNICODE /Gm /EHsc /RTC1 /MTd /GS /fp:precise /Zc:wchar_t /Zc:forScope /Fo"Debug\\" /Fd"Debug\vc100.pdb" /Gd /TP /analyze- /errorReport:prompt ..\..\src\EbookControls.cpp ..\..\src\EbookWindow.cpp ..\..\src\Favorites.cpp ..\..\src\Menu.cpp ..\..\src\Search.cpp ..\..\src\SumatraAbout.cpp ..\..\src\SumatraAbout2.cpp ..\..\src\SumatraDialogs.cpp ..\..\src\SumatraPDF.cpp ..\..\src\SumatraProperties.cpp ..\..\src\TableOfContents.cpp ..\..\src\Toolbar.cpp ..\..\src\WindowInfo.cpp /wd4100 /wd4127 /wd4189 /wd4428 /wd4800 /D "WINVER=0x0500" /D "_WIN32_WINNT=0x0500" 
         WindowInfo.cpp
         TableOfContents.cpp
         SumatraProperties.cpp
         SumatraDialogs.cpp
         SumatraAbout2.cpp
         SumatraAbout.cpp
         Search.cpp
         Menu.cpp
         Favorites.cpp
         EbookWindow.cpp
         EbookControls.cpp
         正在生成代码...
         正在跳过...(未检测到相关更改)
         Toolbar.cpp
         SumatraPDF.cpp
       ResourceCompile:
         C:\Program Files (x86)\Microsoft SDKs\Windows\v7.0A\bin\rc.exe /D _UNICODE /D UNICODE /l"0x0409" /nologo /fo"Debug\SumatraPDF.res" ..\..\src\SumatraPDF.rc 
       ManifestResourceCompile:
         所有输出均为最新。
       Link:
         C:\Program Files (x86)\Microsoft Visual Studio 10.0\VC\bin\link.exe /ERRORREPORT:PROMPT /OUT:"E:\project\sumatrapdf\vs\Debug\Jspdf.exe" /INCREMENTAL /NOLOGO /LIBPATH:"..\..\obj-dbg" advapi32.lib kernel32.lib user32.lib gdi32.lib comdlg32.lib shell32.lib gdiplus.lib ole32.lib WindowsCodecs.lib comctl32.lib Msimg32.lib Winspool.lib wininet.lib urlmon.lib OleAut32.lib shlwapi.lib version.lib DbgHelp.lib engines.lib libmupdfs.lib mui.lib utils.lib kernel32.lib user32.lib gdi32.lib winspool.lib comdlg32.lib advapi32.lib shell32.lib ole32.lib oleaut32.lib uuid.lib odbc32.lib odbccp32.lib /MANIFEST /ManifestFile:"Debug\Jspdf.exe.intermediate.manifest" /MANIFESTUAC:"level='asInvoker' uiAccess='false'" /DEBUG /PDB:"E:\project\sumatrapdf\vs\Debug\Jspdf.pdb" /SUBSYSTEM:WINDOWS /TLBID:1 /DYNAMICBASE /NXCOMPAT /IMPLIB:"E:\project\sumatrapdf\vs\Debug\Jspdf.lib" /MACHINE:X86 Debug\SumatraPDF.res
         Debug\Jspdf.exe.embed.manifest.res
         Debug\Bra86.obj
         Debug\LzmaDec.obj
         Debug\synctex_parser.obj
         Debug\synctex_parser_utils.obj
         Debug\AppPrefs.obj
         Debug\AppTools.obj
         Debug\ChmDoc.obj
         Debug\CrashHandler.obj
         Debug\DisplayModel.obj
         Debug\EbookController.obj
         Debug\EbookControls.obj
         Debug\EbookWindow.obj
         Debug\ExternalPdfViewer.obj
         Debug\Favorites.obj
         Debug\Menu.obj
         Debug\MuiEbookPageDef.obj
         Debug\Notifications.obj
         Debug\ParseCommandLine.obj
         Debug\PdfSync.obj
         Debug\Print.obj
         Debug\Regress.obj
         Debug\RenderCache.obj
         Debug\Search.obj
         Debug\Selection.obj
         Debug\StressTesting.obj
         Debug\SumatraAbout.obj
         Debug\SumatraAbout2.obj
         Debug\SumatraDialogs.obj
         Debug\SumatraPDF.obj
         Debug\SumatraProperties.obj
         Debug\TableOfContents.obj
         Debug\Tester.obj
         Debug\TextSearch.obj
         Debug\TextSelection.obj
         Debug\Toolbar.obj
         Debug\Translations.obj
         Debug\Trans_sumatra_txt.obj
         Debug\DocumentProvider.obj
         Debug\PageProvider.obj
         Debug\Provider.obj
         Debug\StartPageProvider.obj
         Debug\TextRange.obj
         Debug\UnitTests.obj
         Debug\LzmaSimpleArchive.obj
         Debug\WindowInfo.obj
       Manifest:
         C:\Program Files (x86)\Microsoft SDKs\Windows\v7.0A\bin\mt.exe /nologo /verbose /out:"Debug\Jspdf.exe.embed.manifest" /manifest Debug\Jspdf.exe.intermediate.manifest
         所有输出均为最新。
       LinkEmbedManifest:
         所有输出均为最新。
         Jspdf.vcxproj -> E:\project\sumatrapdf\vs\Debug\Jspdf.exe
       FinalizeBuildStatus:
         正在删除文件“Debug\Jspdf.unsuccessfulbuild”。
         正在对“Debug\Jspdf.lastbuildstate”执行 Touch 任务。
     1>已完成生成项目“E:\project\sumatrapdf\vs-1\Jspdf\Jspdf.vcxproj”(build 个目标)的操作。

生成成功。

已用时间 00:00:06.97
