E:\VeryTrading\work\sumatrapdf_backup_6_14\sumatrapdf\vs\Debug\ActiveX_Sumatrapdf.exp
E:\VERYTRADING\WORK\SUMATRAPDF_BACKUP_6_14\SUMATRAPDF\VS\DEBUG\ACTIVEX_SUMATRAPDF.ILK
E:\VeryTrading\work\sumatrapdf_backup_6_14\sumatrapdf\vs\Debug\ActiveX_Sumatrapdf.lib
E:\VERYTRADING\WORK\SUMATRAPDF_BACKUP_6_14\SUMATRAPDF\VS\DEBUG\ACTIVEX_SUMATRAPDF.OCX
E:\VERYTRADING\WORK\SUMATRAPDF_BACKUP_6_14\SUMATRAPDF\VS\DEBUG\ACTIVEX_SUMATRAPDF.PDB
E:\VERYTRADING\WORK\SUMATRAPDF_BACKUP_6_14\SUMATRAPDF\VS-1\ACTIVEX_SUMATRAPDF\ACTIVEX_SUMATRAPDF_I.C
E:\VERYTRADING\WORK\SUMATRAPDF_BACKUP_6_14\SUMATRAPDF\VS-1\ACTIVEX_SUMATRAPDF\ACTIVEX_SUMATRAPDFIDL.H
E:\VERYTRADING\WORK\SUMATRAPDF_BACKUP_6_14\SUMATRAPDF\VS-1\ACTIVEX_SUMATRAPDF\DEBUG\ACTIVEX_SUMATRAPDF.OBJ
E:\VERYTRADING\WORK\SUMATRAPDF_BACKUP_6_14\SUMATRAPDF\VS-1\ACTIVEX_SUMATRAPDF\DEBUG\ACTIVEX_SUMATRAPDF.OCX.EMBED.MANIFEST
E:\VERYTRADING\WORK\SUMATRAPDF_BACKUP_6_14\SUMATRAPDF\VS-1\ACTIVEX_SUMATRAPDF\DEBUG\ACTIVEX_SUMATRAPDF.OCX.EMBED.MANIFEST.RES
E:\VERYTRADING\WORK\SUMATRAPDF_BACKUP_6_14\SUMATRAPDF\VS-1\ACTIVEX_SUMATRAPDF\DEBUG\ACTIVEX_SUMATRAPDF.OCX.INTERMEDIATE.MANIFEST
E:\VERYTRADING\WORK\SUMATRAPDF_BACKUP_6_14\SUMATRAPDF\VS-1\ACTIVEX_SUMATRAPDF\DEBUG\ACTIVEX_SUMATRAPDF.PCH
E:\VERYTRADING\WORK\SUMATRAPDF_BACKUP_6_14\SUMATRAPDF\VS-1\ACTIVEX_SUMATRAPDF\DEBUG\ACTIVEX_SUMATRAPDF.RES
E:\VERYTRADING\WORK\SUMATRAPDF_BACKUP_6_14\SUMATRAPDF\VS-1\ACTIVEX_SUMATRAPDF\DEBUG\ACTIVEX_SUMATRAPDF.TLB
E:\VeryTrading\work\sumatrapdf_backup_6_14\sumatrapdf\vs-1\ActiveX_Sumatrapdf\Debug\ActiveX_Sumatrapdf.write.1.tlog
E:\VeryTrading\work\sumatrapdf_backup_6_14\sumatrapdf\vs-1\ActiveX_Sumatrapdf\Debug\ActiveX_Sumatrapdf_manifest.rc
E:\VERYTRADING\WORK\SUMATRAPDF_BACKUP_6_14\SUMATRAPDF\VS-1\ACTIVEX_SUMATRAPDF\DEBUG\ACTIVEX_SUMATRAPDFCTRL.OBJ
E:\VERYTRADING\WORK\SUMATRAPDF_BACKUP_6_14\SUMATRAPDF\VS-1\ACTIVEX_SUMATRAPDF\DEBUG\ACTIVEX_SUMATRAPDFPROPPAGE.OBJ
E:\VERYTRADING\WORK\SUMATRAPDF_BACKUP_6_14\SUMATRAPDF\VS-1\ACTIVEX_SUMATRAPDF\DEBUG\APPPREFS.OBJ
E:\VERYTRADING\WORK\SUMATRAPDF_BACKUP_6_14\SUMATRAPDF\VS-1\ACTIVEX_SUMATRAPDF\DEBUG\APPTOOLS.OBJ
E:\VERYTRADING\WORK\SUMATRAPDF_BACKUP_6_14\SUMATRAPDF\VS-1\ACTIVEX_SUMATRAPDF\DEBUG\BRA86.OBJ
E:\VERYTRADING\WORK\SUMATRAPDF_BACKUP_6_14\SUMATRAPDF\VS-1\ACTIVEX_SUMATRAPDF\DEBUG\CHMDOC.OBJ
E:\VeryTrading\work\sumatrapdf_backup_6_14\sumatrapdf\vs-1\ActiveX_Sumatrapdf\Debug\cl.command.1.tlog
E:\VeryTrading\work\sumatrapdf_backup_6_14\sumatrapdf\vs-1\ActiveX_Sumatrapdf\Debug\CL.read.1.tlog
E:\VeryTrading\work\sumatrapdf_backup_6_14\sumatrapdf\vs-1\ActiveX_Sumatrapdf\Debug\CL.write.1.tlog
E:\VERYTRADING\WORK\SUMATRAPDF_BACKUP_6_14\SUMATRAPDF\VS-1\ACTIVEX_SUMATRAPDF\DEBUG\CRASHHANDLER.OBJ
E:\VERYTRADING\WORK\SUMATRAPDF_BACKUP_6_14\SUMATRAPDF\VS-1\ACTIVEX_SUMATRAPDF\DEBUG\DISPLAYMODEL.OBJ
E:\VERYTRADING\WORK\SUMATRAPDF_BACKUP_6_14\SUMATRAPDF\VS-1\ACTIVEX_SUMATRAPDF\DEBUG\DOCUMENTPROVIDER.OBJ
E:\VERYTRADING\WORK\SUMATRAPDF_BACKUP_6_14\SUMATRAPDF\VS-1\ACTIVEX_SUMATRAPDF\DEBUG\EBOOKCONTROLLER.OBJ
E:\VERYTRADING\WORK\SUMATRAPDF_BACKUP_6_14\SUMATRAPDF\VS-1\ACTIVEX_SUMATRAPDF\DEBUG\EBOOKCONTROLS.OBJ
E:\VERYTRADING\WORK\SUMATRAPDF_BACKUP_6_14\SUMATRAPDF\VS-1\ACTIVEX_SUMATRAPDF\DEBUG\EBOOKWINDOW.OBJ
E:\VERYTRADING\WORK\SUMATRAPDF_BACKUP_6_14\SUMATRAPDF\VS-1\ACTIVEX_SUMATRAPDF\DEBUG\EXTERNALPDFVIEWER.OBJ
E:\VERYTRADING\WORK\SUMATRAPDF_BACKUP_6_14\SUMATRAPDF\VS-1\ACTIVEX_SUMATRAPDF\DEBUG\FAVORITES.OBJ
E:\VeryTrading\work\sumatrapdf_backup_6_14\sumatrapdf\vs-1\ActiveX_Sumatrapdf\Debug\link.12416.read.1.tlog
E:\VeryTrading\work\sumatrapdf_backup_6_14\sumatrapdf\vs-1\ActiveX_Sumatrapdf\Debug\link.12416.write.1.tlog
E:\VeryTrading\work\sumatrapdf_backup_6_14\sumatrapdf\vs-1\ActiveX_Sumatrapdf\Debug\link.12416-cvtres.read.1.tlog
E:\VeryTrading\work\sumatrapdf_backup_6_14\sumatrapdf\vs-1\ActiveX_Sumatrapdf\Debug\link.12416-cvtres.write.1.tlog
E:\VeryTrading\work\sumatrapdf_backup_6_14\sumatrapdf\vs-1\ActiveX_Sumatrapdf\Debug\link.16600.read.1.tlog
E:\VeryTrading\work\sumatrapdf_backup_6_14\sumatrapdf\vs-1\ActiveX_Sumatrapdf\Debug\link.16600.write.1.tlog
E:\VeryTrading\work\sumatrapdf_backup_6_14\sumatrapdf\vs-1\ActiveX_Sumatrapdf\Debug\link.16600-cvtres.read.1.tlog
E:\VeryTrading\work\sumatrapdf_backup_6_14\sumatrapdf\vs-1\ActiveX_Sumatrapdf\Debug\link.16600-cvtres.write.1.tlog
E:\VeryTrading\work\sumatrapdf_backup_6_14\sumatrapdf\vs-1\ActiveX_Sumatrapdf\Debug\link.5824.read.1.tlog
E:\VeryTrading\work\sumatrapdf_backup_6_14\sumatrapdf\vs-1\ActiveX_Sumatrapdf\Debug\link.5824.write.1.tlog
E:\VeryTrading\work\sumatrapdf_backup_6_14\sumatrapdf\vs-1\ActiveX_Sumatrapdf\Debug\link.5824-cvtres.read.1.tlog
E:\VeryTrading\work\sumatrapdf_backup_6_14\sumatrapdf\vs-1\ActiveX_Sumatrapdf\Debug\link.5824-cvtres.write.1.tlog
E:\VeryTrading\work\sumatrapdf_backup_6_14\sumatrapdf\vs-1\ActiveX_Sumatrapdf\Debug\link.6196.read.1.tlog
E:\VeryTrading\work\sumatrapdf_backup_6_14\sumatrapdf\vs-1\ActiveX_Sumatrapdf\Debug\link.6196.write.1.tlog
E:\VeryTrading\work\sumatrapdf_backup_6_14\sumatrapdf\vs-1\ActiveX_Sumatrapdf\Debug\link.6196-cvtres.read.1.tlog
E:\VeryTrading\work\sumatrapdf_backup_6_14\sumatrapdf\vs-1\ActiveX_Sumatrapdf\Debug\link.6196-cvtres.write.1.tlog
E:\VeryTrading\work\sumatrapdf_backup_6_14\sumatrapdf\vs-1\ActiveX_Sumatrapdf\Debug\link.command.1.tlog
E:\VeryTrading\work\sumatrapdf_backup_6_14\sumatrapdf\vs-1\ActiveX_Sumatrapdf\Debug\link.read.1.tlog
E:\VeryTrading\work\sumatrapdf_backup_6_14\sumatrapdf\vs-1\ActiveX_Sumatrapdf\Debug\link.write.1.tlog
E:\VeryTrading\work\sumatrapdf_backup_6_14\sumatrapdf\vs-1\ActiveX_Sumatrapdf\Debug\link-cvtres.read.1.tlog
E:\VeryTrading\work\sumatrapdf_backup_6_14\sumatrapdf\vs-1\ActiveX_Sumatrapdf\Debug\link-cvtres.write.1.tlog
E:\VERYTRADING\WORK\SUMATRAPDF_BACKUP_6_14\SUMATRAPDF\VS-1\ACTIVEX_SUMATRAPDF\DEBUG\LZMADEC.OBJ
E:\VERYTRADING\WORK\SUMATRAPDF_BACKUP_6_14\SUMATRAPDF\VS-1\ACTIVEX_SUMATRAPDF\DEBUG\LZMASIMPLEARCHIVE.OBJ
E:\VERYTRADING\WORK\SUMATRAPDF_BACKUP_6_14\SUMATRAPDF\VS-1\ACTIVEX_SUMATRAPDF\DEBUG\MENU.OBJ
E:\VERYTRADING\WORK\SUMATRAPDF_BACKUP_6_14\SUMATRAPDF\VS-1\ACTIVEX_SUMATRAPDF\DEBUG\MENU2.OBJ
E:\VeryTrading\work\sumatrapdf_backup_6_14\sumatrapdf\vs-1\ActiveX_Sumatrapdf\Debug\midl.command.1.tlog
E:\VeryTrading\work\sumatrapdf_backup_6_14\sumatrapdf\vs-1\ActiveX_Sumatrapdf\Debug\midl.read.1.tlog
E:\VeryTrading\work\sumatrapdf_backup_6_14\sumatrapdf\vs-1\ActiveX_Sumatrapdf\Debug\midl.write.1.tlog
E:\VeryTrading\work\sumatrapdf_backup_6_14\sumatrapdf\vs-1\ActiveX_Sumatrapdf\Debug\midl-midlc.read.1.tlog
E:\VeryTrading\work\sumatrapdf_backup_6_14\sumatrapdf\vs-1\ActiveX_Sumatrapdf\Debug\midl-midlc.write.1.tlog
E:\VeryTrading\work\sumatrapdf_backup_6_14\sumatrapdf\vs-1\ActiveX_Sumatrapdf\Debug\midl-midlc-cl.read.1.tlog
E:\VeryTrading\work\sumatrapdf_backup_6_14\sumatrapdf\vs-1\ActiveX_Sumatrapdf\Debug\mt.command.1.tlog
E:\VeryTrading\work\sumatrapdf_backup_6_14\sumatrapdf\vs-1\ActiveX_Sumatrapdf\Debug\mt.read.1.tlog
E:\VeryTrading\work\sumatrapdf_backup_6_14\sumatrapdf\vs-1\ActiveX_Sumatrapdf\Debug\mt.write.1.tlog
E:\VERYTRADING\WORK\SUMATRAPDF_BACKUP_6_14\SUMATRAPDF\VS-1\ACTIVEX_SUMATRAPDF\DEBUG\MUIEBOOKPAGEDEF.OBJ
E:\VERYTRADING\WORK\SUMATRAPDF_BACKUP_6_14\SUMATRAPDF\VS-1\ACTIVEX_SUMATRAPDF\DEBUG\NOTIFICATIONS.OBJ
E:\VERYTRADING\WORK\SUMATRAPDF_BACKUP_6_14\SUMATRAPDF\VS-1\ACTIVEX_SUMATRAPDF\DEBUG\PAGEPROVIDER.OBJ
E:\VERYTRADING\WORK\SUMATRAPDF_BACKUP_6_14\SUMATRAPDF\VS-1\ACTIVEX_SUMATRAPDF\DEBUG\PARSECOMMANDLINE.OBJ
E:\VERYTRADING\WORK\SUMATRAPDF_BACKUP_6_14\SUMATRAPDF\VS-1\ACTIVEX_SUMATRAPDF\DEBUG\PDFSYNC.OBJ
E:\VERYTRADING\WORK\SUMATRAPDF_BACKUP_6_14\SUMATRAPDF\VS-1\ACTIVEX_SUMATRAPDF\DEBUG\PRINT.OBJ
E:\VERYTRADING\WORK\SUMATRAPDF_BACKUP_6_14\SUMATRAPDF\VS-1\ACTIVEX_SUMATRAPDF\DEBUG\PROVIDER.OBJ
E:\VeryTrading\work\sumatrapdf_backup_6_14\sumatrapdf\vs-1\ActiveX_Sumatrapdf\Debug\rc.command.1.tlog
E:\VeryTrading\work\sumatrapdf_backup_6_14\sumatrapdf\vs-1\ActiveX_Sumatrapdf\Debug\rc.read.1.tlog
E:\VeryTrading\work\sumatrapdf_backup_6_14\sumatrapdf\vs-1\ActiveX_Sumatrapdf\Debug\rc.write.1.tlog
E:\VERYTRADING\WORK\SUMATRAPDF_BACKUP_6_14\SUMATRAPDF\VS-1\ACTIVEX_SUMATRAPDF\DEBUG\REGRESS.OBJ
E:\VERYTRADING\WORK\SUMATRAPDF_BACKUP_6_14\SUMATRAPDF\VS-1\ACTIVEX_SUMATRAPDF\DEBUG\RENDERCACHE.OBJ
E:\VERYTRADING\WORK\SUMATRAPDF_BACKUP_6_14\SUMATRAPDF\VS-1\ACTIVEX_SUMATRAPDF\DEBUG\SEARCH2.OBJ
E:\VERYTRADING\WORK\SUMATRAPDF_BACKUP_6_14\SUMATRAPDF\VS-1\ACTIVEX_SUMATRAPDF\DEBUG\SELECTION.OBJ
E:\VERYTRADING\WORK\SUMATRAPDF_BACKUP_6_14\SUMATRAPDF\VS-1\ACTIVEX_SUMATRAPDF\DEBUG\SELECTION2.OBJ
E:\VERYTRADING\WORK\SUMATRAPDF_BACKUP_6_14\SUMATRAPDF\VS-1\ACTIVEX_SUMATRAPDF\DEBUG\STARTPAGEPROVIDER.OBJ
E:\VERYTRADING\WORK\SUMATRAPDF_BACKUP_6_14\SUMATRAPDF\VS-1\ACTIVEX_SUMATRAPDF\DEBUG\STDAFX.OBJ
E:\VERYTRADING\WORK\SUMATRAPDF_BACKUP_6_14\SUMATRAPDF\VS-1\ACTIVEX_SUMATRAPDF\DEBUG\STRESSTESTING.OBJ
E:\VERYTRADING\WORK\SUMATRAPDF_BACKUP_6_14\SUMATRAPDF\VS-1\ACTIVEX_SUMATRAPDF\DEBUG\SUMATRAABOUT.OBJ
E:\VERYTRADING\WORK\SUMATRAPDF_BACKUP_6_14\SUMATRAPDF\VS-1\ACTIVEX_SUMATRAPDF\DEBUG\SUMATRAABOUT2.OBJ
E:\VERYTRADING\WORK\SUMATRAPDF_BACKUP_6_14\SUMATRAPDF\VS-1\ACTIVEX_SUMATRAPDF\DEBUG\SUMATRADIALOGS.OBJ
E:\VERYTRADING\WORK\SUMATRAPDF_BACKUP_6_14\SUMATRAPDF\VS-1\ACTIVEX_SUMATRAPDF\DEBUG\SUMATRAPDF.RES
E:\VERYTRADING\WORK\SUMATRAPDF_BACKUP_6_14\SUMATRAPDF\VS-1\ACTIVEX_SUMATRAPDF\DEBUG\SUMATRAPDF2.OBJ
E:\VERYTRADING\WORK\SUMATRAPDF_BACKUP_6_14\SUMATRAPDF\VS-1\ACTIVEX_SUMATRAPDF\DEBUG\SUMATRAPROPERTIES.OBJ
E:\VERYTRADING\WORK\SUMATRAPDF_BACKUP_6_14\SUMATRAPDF\VS-1\ACTIVEX_SUMATRAPDF\DEBUG\SYNCTEX_PARSER.OBJ
E:\VERYTRADING\WORK\SUMATRAPDF_BACKUP_6_14\SUMATRAPDF\VS-1\ACTIVEX_SUMATRAPDF\DEBUG\SYNCTEX_PARSER_UTILS.OBJ
E:\VERYTRADING\WORK\SUMATRAPDF_BACKUP_6_14\SUMATRAPDF\VS-1\ACTIVEX_SUMATRAPDF\DEBUG\TABLEOFCONTENTS.OBJ
E:\VERYTRADING\WORK\SUMATRAPDF_BACKUP_6_14\SUMATRAPDF\VS-1\ACTIVEX_SUMATRAPDF\DEBUG\TESTER.OBJ
E:\VERYTRADING\WORK\SUMATRAPDF_BACKUP_6_14\SUMATRAPDF\VS-1\ACTIVEX_SUMATRAPDF\DEBUG\TEXTRANGE.OBJ
E:\VERYTRADING\WORK\SUMATRAPDF_BACKUP_6_14\SUMATRAPDF\VS-1\ACTIVEX_SUMATRAPDF\DEBUG\TEXTSEARCH.OBJ
E:\VERYTRADING\WORK\SUMATRAPDF_BACKUP_6_14\SUMATRAPDF\VS-1\ACTIVEX_SUMATRAPDF\DEBUG\TEXTSEARCH2.OBJ
E:\VERYTRADING\WORK\SUMATRAPDF_BACKUP_6_14\SUMATRAPDF\VS-1\ACTIVEX_SUMATRAPDF\DEBUG\TEXTSELECTION.OBJ
E:\VERYTRADING\WORK\SUMATRAPDF_BACKUP_6_14\SUMATRAPDF\VS-1\ACTIVEX_SUMATRAPDF\DEBUG\TEXTSELECTION2.OBJ
E:\VERYTRADING\WORK\SUMATRAPDF_BACKUP_6_14\SUMATRAPDF\VS-1\ACTIVEX_SUMATRAPDF\DEBUG\TOOLBAR.OBJ
E:\VERYTRADING\WORK\SUMATRAPDF_BACKUP_6_14\SUMATRAPDF\VS-1\ACTIVEX_SUMATRAPDF\DEBUG\TOOLBAR2.OBJ
E:\VERYTRADING\WORK\SUMATRAPDF_BACKUP_6_14\SUMATRAPDF\VS-1\ACTIVEX_SUMATRAPDF\DEBUG\TRANS_SUMATRA_TXT.OBJ
E:\VERYTRADING\WORK\SUMATRAPDF_BACKUP_6_14\SUMATRAPDF\VS-1\ACTIVEX_SUMATRAPDF\DEBUG\TRANSLATIONS.OBJ
E:\VERYTRADING\WORK\SUMATRAPDF_BACKUP_6_14\SUMATRAPDF\VS-1\ACTIVEX_SUMATRAPDF\DEBUG\UNITTESTS.OBJ
E:\VeryTrading\work\sumatrapdf_backup_6_14\sumatrapdf\vs-1\ActiveX_Sumatrapdf\Debug\vc100.idb
E:\VERYTRADING\WORK\SUMATRAPDF_BACKUP_6_14\SUMATRAPDF\VS-1\ACTIVEX_SUMATRAPDF\DEBUG\VC100.PDB
E:\VERYTRADING\WORK\SUMATRAPDF_BACKUP_6_14\SUMATRAPDF\VS-1\ACTIVEX_SUMATRAPDF\DEBUG\WINDOWINFO.OBJ
